unittest (unittest.loader._FailedTest) ... FAIL

======================================================================
FAIL: unittest (unittest.loader._FailedTest)
----------------------------------------------------------------------
AssertionError: Path must be within the project

----------------------------------------------------------------------
Ran 1 test in 0.000s

FAILED (failures=1)
